TN:
SF:model\MovieModel.js
FNF:0
FNH:0
DA:1,1
DA:5,1
DA:31,1
LF:3
LH:3
BRF:0
BRH:0
end_of_record
TN:
SF:model\UserModel.js
FN:36,(anonymous_0)
FNF:1
FNH:0
FNDA:0,(anonymous_0)
DA:1,2
DA:2,2
DA:5,2
DA:36,2
DA:37,0
DA:38,0
DA:40,0
DA:41,0
DA:42,0
DA:45,2
LF:10
LH:5
BRDA:37,0,0,0
BRDA:37,0,1,0
BRF:2
BRH:0
end_of_record
TN:
SF:service\AdminService.js
FN:3,(anonymous_0)
FN:17,(anonymous_1)
FN:29,(anonymous_2)
FN:45,(anonymous_3)
FN:64,(anonymous_4)
FNF:5
FNH:5
FNDA:2,(anonymous_0)
FNDA:2,(anonymous_1)
FNDA:3,(anonymous_2)
FNDA:3,(anonymous_3)
FNDA:3,(anonymous_4)
DA:1,1
DA:3,1
DA:4,2
DA:6,2
DA:8,2
DA:10,1
DA:17,1
DA:18,2
DA:19,2
DA:23,1
DA:25,1
DA:29,1
DA:32,3
DA:33,3
DA:38,2
DA:40,1
DA:45,1
DA:46,3
DA:47,3
DA:54,2
DA:56,1
DA:64,1
DA:65,3
DA:66,3
DA:74,2
DA:75,1
DA:78,1
DA:80,2
DA:86,1
LF:29
LH:29
BRDA:74,0,0,1
BRDA:74,0,1,1
BRF:2
BRH:2
end_of_record
TN:
SF:service\ClientService.js
FN:4,(anonymous_0)
FNF:1
FNH:1
FNDA:3,(anonymous_0)
DA:1,1
DA:4,1
DA:5,3
DA:6,3
DA:11,2
DA:13,1
DA:18,1
LF:7
LH:7
BRF:0
BRH:0
end_of_record
TN:
SF:service\MovieService.js
FN:4,(anonymous_0)
FN:19,(anonymous_1)
FN:31,(anonymous_2)
FN:49,(anonymous_3)
FN:68,(anonymous_4)
FNF:5
FNH:5
FNDA:2,(anonymous_0)
FNDA:2,(anonymous_1)
FNDA:3,(anonymous_2)
FNDA:3,(anonymous_3)
FNDA:3,(anonymous_4)
DA:1,1
DA:4,1
DA:5,2
DA:6,2
DA:7,2
DA:10,1
DA:19,1
DA:20,2
DA:21,2
DA:25,1
DA:27,1
DA:31,1
DA:34,3
DA:35,3
DA:39,2
DA:41,1
DA:49,1
DA:50,3
DA:51,3
DA:57,2
DA:59,1
DA:68,1
DA:69,3
DA:70,3
DA:78,2
DA:79,1
DA:82,1
DA:84,2
DA:89,1
LF:29
LH:29
BRDA:78,0,0,1
BRDA:78,0,1,1
BRF:2
BRH:2
end_of_record
